<?xml version="1.0" encoding="UTF-8"?>
<!-- Generated by org.testng.reporters.JUnitReportReporter -->
<testsuite hostname="DESKTOP-T6230QL" failures="0" tests="2" name="RegisterForm.DesktopEle2" time="14.871" errors="0" timestamp="2024-01-28T19:01:17 IST" skipped="0">
  <testcase classname="RegisterForm.DesktopEle2" name="CheckTitle" time="4.076"/>
  <testcase classname="RegisterForm.DesktopEle2" name="Checkdetails" time="10.795"/>
</testsuite> <!-- RegisterForm.DesktopEle2 -->
