<?xml version="1.0" encoding="UTF-8"?>
<!-- Generated by org.testng.reporters.JUnitReportReporter -->
<testsuite hostname="DESKTOP-T6230QL" failures="0" tests="5" name="RegisterForm.DataProviderTest" time="23.835" errors="0" timestamp="26 Jan 2024 11:30:03 GMT">
  <testcase classname="RegisterForm.DataProviderTest" name="logintest" time="6.980"/>
  <testcase classname="RegisterForm.DataProviderTest" name="logintest" time="3.845"/>
  <testcase classname="RegisterForm.DataProviderTest" name="Takescreenshot" time="3.315"/>
  <testcase classname="RegisterForm.DataProviderTest" name="logintest" time="5.143"/>
  <testcase classname="RegisterForm.DataProviderTest" name="logintest" time="4.552"/>
</testsuite> <!-- RegisterForm.DataProviderTest -->
