<?xml version="1.0" encoding="UTF-8"?>
<!-- Generated by org.testng.reporters.JUnitReportReporter -->
<testsuite hostname="DESKTOP-T6230QL" failures="0" tests="3" name="RegisterForm.DesktopEle3" time="23.271" errors="0" timestamp="2024-01-28T19:09:33 IST" skipped="0">
  <testcase classname="RegisterForm.DesktopEle3" name="Email" time="10.057"/>
  <testcase classname="RegisterForm.DesktopEle3" name="Checkdetails" time="9.320"/>
  <testcase classname="RegisterForm.DesktopEle3" name="CheckTitle" time="3.894"/>
</testsuite> <!-- RegisterForm.DesktopEle3 -->
