<?xml version="1.0" encoding="UTF-8"?>
<!-- Generated by org.testng.reporters.JUnitReportReporter -->
<testsuite hostname="DESKTOP-T6230QL" failures="0" tests="2" name="RegisterForm.desktop" time="17.748" errors="0" timestamp="27 Jan 2024 12:38:38 GMT">
  <testcase classname="RegisterForm.desktop" name="CheckAssert" time="2.937"/>
  <testcase classname="RegisterForm.desktop" name="CheckDetails" time="14.811"/>
</testsuite> <!-- RegisterForm.desktop -->
