<?xml version="1.0" encoding="UTF-8"?>
<!-- Generated by org.testng.reporters.JUnitReportReporter -->
<testsuite hostname="DESKTOP-T6230QL" failures="0" tests="3" name="RegisterForm.DesktopEle3" time="36.555" errors="0" timestamp="2024-01-28T19:21:04 IST" skipped="0">
  <testcase classname="RegisterForm.DesktopEle3" name="CheckTitle" time="5.511"/>
  <testcase classname="RegisterForm.DesktopEle3" name="Email" time="17.846"/>
  <testcase classname="RegisterForm.DesktopEle3" name="Checkdetails" time="13.198"/>
</testsuite> <!-- RegisterForm.DesktopEle3 -->
